<?xml version="1.0" encoding="UTF-8"?>
<!-- Generated by org.testng.reporters.JUnitXMLReporter -->
<testsuite hostname="vamshi-PC" ignored="6" name="PrimusBankTest2" tests="4" failures="0" timestamp="25 Feb 2017 11:37:11 GMT" time="0.045" errors="0">
  <testcase name="@BeforeSuite launchApp" time="0.0" classname="com.PrimusBank.PrimusBankConstants.PrimusBankConstants">
    <failure type="org.openqa.selenium.WebDriverException" message="The path to the driver executable must be set by the webdriver.ie.driver system property; for more information, see https://github.com/SeleniumHQ/selenium/wiki/InternetExplorerDriver. The latest version can be downloaded from http://selenium-release.storage.googleapis.com/index.html
Command duration or timeout: 379 milliseconds
Build info: version: &amp;apos;2.53.1&amp;apos;, revision: &amp;apos;a36b8b1&amp;apos;, time: &amp;apos;2016-06-30 17:37:03&amp;apos;
System info: host: &amp;apos;vamshi-PC&amp;apos;, ip: &amp;apos;10.0.0.103&amp;apos;, os.name: &amp;apos;Windows 7&amp;apos;, os.arch: &amp;apos;amd64&amp;apos;, os.version: &amp;apos;6.1&amp;apos;, java.version: &amp;apos;1.7.0_80&amp;apos;
Driver info: org.openqa.selenium.remote.RemoteWebDriver">
      <![CDATA[org.openqa.selenium.WebDriverException: The path to the driver executable must be set by the webdriver.ie.driver system property; for more information, see https://github.com/SeleniumHQ/selenium/wiki/InternetExplorerDriver. The latest version can be downloaded from http://selenium-release.storage.googleapis.com/index.html
Command duration or timeout: 379 milliseconds
Build info: version: '2.53.1', revision: 'a36b8b1', time: '2016-06-30 17:37:03'
System info: host: 'vamshi-PC', ip: '10.0.0.103', os.name: 'Windows 7', os.arch: 'amd64', os.version: '6.1', java.version: '1.7.0_80'
Driver info: org.openqa.selenium.remote.RemoteWebDriver
	at org.openqa.selenium.remote.ErrorHandler.createThrowable(ErrorHandler.java:206)
	at org.openqa.selenium.remote.ErrorHandler.throwIfResponseFailed(ErrorHandler.java:158)
	at org.openqa.selenium.remote.RemoteWebDriver.execute(RemoteWebDriver.java:678)
	at org.openqa.selenium.remote.RemoteWebDriver.startSession(RemoteWebDriver.java:249)
	at org.openqa.selenium.remote.RemoteWebDriver.<init>(RemoteWebDriver.java:131)
	at org.openqa.selenium.remote.RemoteWebDriver.<init>(RemoteWebDriver.java:158)
	at com.PrimusBank.PrimusBankConstants.PrimusBankConstants.launchApp(PrimusBankConstants.java:63)
Caused by: java.lang.IllegalStateException: The path to the driver executable must be set by the webdriver.ie.driver system property; for more information, see https://github.com/SeleniumHQ/selenium/wiki/InternetExplorerDriver. The latest version can be downloaded from http://selenium-release.storage.googleapis.com/index.html
	at com.google.common.base.Preconditions.checkState(Preconditions.java:199)
	at org.openqa.selenium.remote.service.DriverService.findExecutable(DriverService.java:109)
	at org.openqa.selenium.ie.InternetExplorerDriverService.access$0(InternetExplorerDriverService.java:1)
	at org.openqa.selenium.ie.InternetExplorerDriverService$Builder.findDefaultExecutable(InternetExplorerDriverService.java:167)
	at org.openqa.selenium.remote.service.DriverService$Builder.build(DriverService.java:296)
	at org.openqa.selenium.ie.InternetExplorerDriver.setupService(InternetExplorerDriver.java:251)
	at org.openqa.selenium.ie.InternetExplorerDriver.<init>(InternetExplorerDriver.java:172)
	at org.openqa.selenium.ie.InternetExplorerDriver.<init>(InternetExplorerDriver.java:150)
	at org.openqa.selenium.remote.server.DefaultDriverProvider.callConstructor(DefaultDriverProvider.java:103)
	at org.openqa.selenium.remote.server.DefaultDriverProvider.newInstance(DefaultDriverProvider.java:97)
	at org.openqa.selenium.remote.server.DefaultDriverFactory.newInstance(DefaultDriverFactory.java:60)
	at org.openqa.selenium.remote.server.DefaultSession$BrowserCreator.call(DefaultSession.java:222)
	at org.openqa.selenium.remote.server.DefaultSession$BrowserCreator.call(DefaultSession.java:1)
	at java.util.concurrent.FutureTask.run(FutureTask.java:266)
	at org.openqa.selenium.remote.server.DefaultSession$1.run(DefaultSession.java:176)
	at java.util.concurrent.ThreadPoolExecutor.runWorker(ThreadPoolExecutor.java:1142)
	at java.util.concurrent.ThreadPoolExecutor$Worker.run(ThreadPoolExecutor.java:617)
	at java.lang.Thread.run(Thread.java:745)
... Removed 27 stack frames]]>
    </failure>
  </testcase> <!-- @BeforeSuite launchApp -->
  <testcase name="@BeforeClass adminlogIn" time="0.0" classname="com.PrimusBank.PrimusBankConstants.AdminHomepageConstants">
    <skipped/>
  </testcase> <!-- @BeforeClass adminlogIn -->
  <testcase name="@AfterClass adminLogout" time="0.0" classname="com.PrimusBank.PrimusBankConstants.AdminHomepageConstants">
    <skipped/>
  </testcase> <!-- @AfterClass adminLogout -->
  <testcase name="adminLoginTest" time="0.0" classname="com.PrimusBank.Tests.AdminLoginTest">
    <skipped/>
  </testcase> <!-- adminLoginTest -->
  <testcase name="bankerLoginTest" time="0.0" classname="com.PrimusBank.Tests.BankerLoginTest">
    <skipped/>
  </testcase> <!-- bankerLoginTest -->
  <testcase name="customerLogin" time="0.0" classname="com.PrimusBank.Tests.CustomerLogInTest">
    <skipped/>
  </testcase> <!-- customerLogin -->
  <testcase name="branchTest" time="0.0" classname="com.PrimusBank.Tests.CreateBranchTest">
    <skipped/>
  </testcase> <!-- branchTest -->
  <testcase name="@AfterSuite closeApp" time="0.0" classname="com.PrimusBank.PrimusBankConstants.PrimusBankConstants">
    <ignored/>
  </testcase> <!-- @AfterSuite closeApp -->
  <testcase name="@AfterSuite closeApp" time="0.0" classname="com.PrimusBank.PrimusBankConstants.PrimusBankConstants">
    <ignored/>
  </testcase> <!-- @AfterSuite closeApp -->
  <testcase name="@AfterSuite closeApp" time="0.0" classname="com.PrimusBank.PrimusBankConstants.PrimusBankConstants">
    <ignored/>
  </testcase> <!-- @AfterSuite closeApp -->
  <testcase name="@BeforeSuite launchApp" time="0.0" classname="com.PrimusBank.PrimusBankConstants.PrimusBankConstants">
    <ignored/>
  </testcase> <!-- @BeforeSuite launchApp -->
  <testcase name="@BeforeSuite launchApp" time="0.0" classname="com.PrimusBank.PrimusBankConstants.PrimusBankConstants">
    <ignored/>
  </testcase> <!-- @BeforeSuite launchApp -->
  <testcase name="@BeforeSuite launchApp" time="0.0" classname="com.PrimusBank.PrimusBankConstants.PrimusBankConstants">
    <ignored/>
  </testcase> <!-- @BeforeSuite launchApp -->
</testsuite> <!-- PrimusBankTest2 -->
